2022-09-21 00:14:46 startup archives unpack
2022-09-21 00:15:00 upgrade libcc1-0:amd64 5.4.0-6ubuntu1~16.04.12 5.4.0-6ubuntu1~16.04.12
2022-09-21 00:15:00 status triggers-pending libc-bin:amd64 2.23-0ubuntu11.3
2022-09-21 00:15:01 status half-configured libcc1-0:amd64 5.4.0-6ubuntu1~16.04.12
2022-09-21 00:15:01 status unpacked libcc1-0:amd64 5.4.0-6ubuntu1~16.04.12
2022-09-21 00:15:01 status half-installed libcc1-0:amd64 5.4.0-6ubuntu1~16.04.12
2022-09-21 00:15:02 status half-installed libcc1-0:amd64 5.4.0-6ubuntu1~16.04.12
2022-09-21 00:15:02 status unpacked libcc1-0:amd64 5.4.0-6ubuntu1~16.04.12
2022-09-21 00:15:02 status unpacked libcc1-0:amd64 5.4.0-6ubuntu1~16.04.12
2022-09-21 00:15:02 trigproc libc-bin:amd64 2.23-0ubuntu11.3 <none>
2022-09-21 00:15:02 status half-configured libc-bin:amd64 2.23-0ubuntu11.3
2022-09-21 00:15:16 status installed libc-bin:amd64 2.23-0ubuntu11.3
2022-09-21 00:15:16 startup archives unpack
2022-09-21 00:15:16 upgrade libubsan0:amd64 5.4.0-6ubuntu1~16.04.12 5.4.0-6ubuntu1~16.04.12
2022-09-21 00:15:16 status triggers-pending libc-bin:amd64 2.23-0ubuntu11.3
2022-09-21 00:15:16 status half-configured libubsan0:amd64 5.4.0-6ubuntu1~16.04.12
2022-09-21 00:15:16 status unpacked libubsan0:amd64 5.4.0-6ubuntu1~16.04.12
2022-09-21 00:15:16 status half-installed libubsan0:amd64 5.4.0-6ubuntu1~16.04.12
2022-09-21 00:15:16 status half-installed libubsan0:amd64 5.4.0-6ubuntu1~16.04.12
2022-09-21 00:15:16 status unpacked libubsan0:amd64 5.4.0-6ubuntu1~16.04.12
2022-09-21 00:15:16 status unpacked libubsan0:amd64 5.4.0-6ubuntu1~16.04.12
2022-09-21 00:15:16 trigproc libc-bin:amd64 2.23-0ubuntu11.3 <none>
2022-09-21 00:15:16 status half-configured libc-bin:amd64 2.23-0ubuntu11.3
2022-09-21 00:15:17 status installed libc-bin:amd64 2.23-0ubuntu11.3
2022-09-21 00:15:17 startup archives unpack
2022-09-21 00:15:17 upgrade libasan2:amd64 5.4.0-6ubuntu1~16.04.12 5.4.0-6ubuntu1~16.04.12
2022-09-21 00:15:17 status triggers-pending libc-bin:amd64 2.23-0ubuntu11.3
2022-09-21 00:15:17 status half-configured libasan2:amd64 5.4.0-6ubuntu1~16.04.12
2022-09-21 00:15:17 status unpacked libasan2:amd64 5.4.0-6ubuntu1~16.04.12
2022-09-21 00:15:17 status half-installed libasan2:amd64 5.4.0-6ubuntu1~16.04.12
2022-09-21 00:15:17 status half-installed libasan2:amd64 5.4.0-6ubuntu1~16.04.12
2022-09-21 00:15:17 status unpacked libasan2:amd64 5.4.0-6ubuntu1~16.04.12
2022-09-21 00:15:17 status unpacked libasan2:amd64 5.4.0-6ubuntu1~16.04.12
2022-09-21 00:15:17 trigproc libc-bin:amd64 2.23-0ubuntu11.3 <none>
2022-09-21 00:15:17 status half-configured libc-bin:amd64 2.23-0ubuntu11.3
2022-09-21 00:15:17 status installed libc-bin:amd64 2.23-0ubuntu11.3
2022-09-21 00:15:17 startup archives unpack
2022-09-21 00:15:18 upgrade libfile-fcntllock-perl:amd64 0.22-3 0.22-3
2022-09-21 00:15:18 status half-configured libfile-fcntllock-perl:amd64 0.22-3
2022-09-21 00:15:18 status unpacked libfile-fcntllock-perl:amd64 0.22-3
2022-09-21 00:15:18 status half-installed libfile-fcntllock-perl:amd64 0.22-3
2022-09-21 00:15:18 status triggers-pending man-db:amd64 2.7.5-1
2022-09-21 00:15:18 status half-installed libfile-fcntllock-perl:amd64 0.22-3
2022-09-21 00:15:18 status unpacked libfile-fcntllock-perl:amd64 0.22-3
2022-09-21 00:15:18 status unpacked libfile-fcntllock-perl:amd64 0.22-3
2022-09-21 00:15:18 trigproc man-db:amd64 2.7.5-1 <none>
2022-09-21 00:15:18 status half-configured man-db:amd64 2.7.5-1
2022-09-21 00:15:23 status installed man-db:amd64 2.7.5-1
2022-09-21 00:15:23 startup archives unpack
2022-09-21 00:15:23 upgrade libtsan0:amd64 5.4.0-6ubuntu1~16.04.12 5.4.0-6ubuntu1~16.04.12
2022-09-21 00:15:23 status triggers-pending libc-bin:amd64 2.23-0ubuntu11.3
2022-09-21 00:15:23 status half-configured libtsan0:amd64 5.4.0-6ubuntu1~16.04.12
2022-09-21 00:15:23 status unpacked libtsan0:amd64 5.4.0-6ubuntu1~16.04.12
2022-09-21 00:15:23 status half-installed libtsan0:amd64 5.4.0-6ubuntu1~16.04.12
2022-09-21 00:15:23 status half-installed libtsan0:amd64 5.4.0-6ubuntu1~16.04.12
2022-09-21 00:15:24 status unpacked libtsan0:amd64 5.4.0-6ubuntu1~16.04.12
2022-09-21 00:15:24 status unpacked libtsan0:amd64 5.4.0-6ubuntu1~16.04.12
2022-09-21 00:15:24 trigproc libc-bin:amd64 2.23-0ubuntu11.3 <none>
2022-09-21 00:15:24 status half-configured libc-bin:amd64 2.23-0ubuntu11.3
2022-09-21 00:15:24 status installed libc-bin:amd64 2.23-0ubuntu11.3
2022-09-21 00:15:25 startup archives unpack
2022-09-21 00:15:25 upgrade libc6-dev:amd64 2.23-0ubuntu11.3 2.23-0ubuntu11.3
2022-09-21 00:15:25 status half-configured libc6-dev:amd64 2.23-0ubuntu11.3
2022-09-21 00:15:25 status unpacked libc6-dev:amd64 2.23-0ubuntu11.3
2022-09-21 00:15:25 status half-installed libc6-dev:amd64 2.23-0ubuntu11.3
2022-09-21 00:15:27 status half-installed libc6-dev:amd64 2.23-0ubuntu11.3
2022-09-21 00:15:27 status unpacked libc6-dev:amd64 2.23-0ubuntu11.3
2022-09-21 00:15:27 status unpacked libc6-dev:amd64 2.23-0ubuntu11.3
2022-09-21 00:15:28 startup archives unpack
2022-09-21 00:15:28 upgrade fakeroot:amd64 1.20.2-1ubuntu1 1.20.2-1ubuntu1
2022-09-21 00:15:28 status half-configured fakeroot:amd64 1.20.2-1ubuntu1
2022-09-21 00:15:28 status unpacked fakeroot:amd64 1.20.2-1ubuntu1
2022-09-21 00:15:28 status half-installed fakeroot:amd64 1.20.2-1ubuntu1
2022-09-21 00:15:28 status triggers-pending man-db:amd64 2.7.5-1
2022-09-21 00:15:28 status half-installed fakeroot:amd64 1.20.2-1ubuntu1
2022-09-21 00:15:29 status unpacked fakeroot:amd64 1.20.2-1ubuntu1
2022-09-21 00:15:29 status unpacked fakeroot:amd64 1.20.2-1ubuntu1
2022-09-21 00:15:29 trigproc man-db:amd64 2.7.5-1 <none>
2022-09-21 00:15:29 status half-configured man-db:amd64 2.7.5-1
2022-09-21 00:15:29 status installed man-db:amd64 2.7.5-1
2022-09-21 00:15:29 startup archives unpack
2022-09-21 00:15:29 upgrade linux-libc-dev:amd64 4.4.0-210.242 4.4.0-210.242
2022-09-21 00:15:29 status half-configured linux-libc-dev:amd64 4.4.0-210.242
2022-09-21 00:15:29 status unpacked linux-libc-dev:amd64 4.4.0-210.242
2022-09-21 00:15:29 status half-installed linux-libc-dev:amd64 4.4.0-210.242
2022-09-21 00:15:30 status half-installed linux-libc-dev:amd64 4.4.0-210.242
2022-09-21 00:15:30 status unpacked linux-libc-dev:amd64 4.4.0-210.242
2022-09-21 00:15:30 status unpacked linux-libc-dev:amd64 4.4.0-210.242
2022-09-21 00:15:30 startup archives unpack
2022-09-21 00:15:30 upgrade libmpx0:amd64 5.4.0-6ubuntu1~16.04.12 5.4.0-6ubuntu1~16.04.12
2022-09-21 00:15:30 status triggers-pending libc-bin:amd64 2.23-0ubuntu11.3
2022-09-21 00:15:30 status half-configured libmpx0:amd64 5.4.0-6ubuntu1~16.04.12
2022-09-21 00:15:30 status unpacked libmpx0:amd64 5.4.0-6ubuntu1~16.04.12
2022-09-21 00:15:30 status half-installed libmpx0:amd64 5.4.0-6ubuntu1~16.04.12
2022-09-21 00:15:30 status half-installed libmpx0:amd64 5.4.0-6ubuntu1~16.04.12
2022-09-21 00:15:30 status unpacked libmpx0:amd64 5.4.0-6ubuntu1~16.04.12
2022-09-21 00:15:30 status unpacked libmpx0:amd64 5.4.0-6ubuntu1~16.04.12
2022-09-21 00:15:30 trigproc libc-bin:amd64 2.23-0ubuntu11.3 <none>
2022-09-21 00:15:30 status half-configured libc-bin:amd64 2.23-0ubuntu11.3
2022-09-21 00:15:30 status installed libc-bin:amd64 2.23-0ubuntu11.3
2022-09-21 00:15:31 startup archives unpack
2022-09-21 00:15:31 upgrade libalgorithm-diff-xs-perl:amd64 0.04-4build1 0.04-4build1
2022-09-21 00:15:31 status half-configured libalgorithm-diff-xs-perl:amd64 0.04-4build1
2022-09-21 00:15:31 status unpacked libalgorithm-diff-xs-perl:amd64 0.04-4build1
2022-09-21 00:15:31 status half-installed libalgorithm-diff-xs-perl:amd64 0.04-4build1
2022-09-21 00:15:31 status triggers-pending man-db:amd64 2.7.5-1
2022-09-21 00:15:31 status half-installed libalgorithm-diff-xs-perl:amd64 0.04-4build1
2022-09-21 00:15:31 status unpacked libalgorithm-diff-xs-perl:amd64 0.04-4build1
2022-09-21 00:15:31 status unpacked libalgorithm-diff-xs-perl:amd64 0.04-4build1
2022-09-21 00:15:31 trigproc man-db:amd64 2.7.5-1 <none>
2022-09-21 00:15:31 status half-configured man-db:amd64 2.7.5-1
2022-09-21 00:15:32 status installed man-db:amd64 2.7.5-1
2022-09-21 00:15:32 startup archives unpack
2022-09-21 00:15:32 upgrade libdpkg-perl:all 1.18.4ubuntu1.7 1.18.4ubuntu1.7
2022-09-21 00:15:32 status half-configured libdpkg-perl:all 1.18.4ubuntu1.7
2022-09-21 00:15:32 status unpacked libdpkg-perl:all 1.18.4ubuntu1.7
2022-09-21 00:15:32 status half-installed libdpkg-perl:all 1.18.4ubuntu1.7
2022-09-21 00:15:32 status triggers-pending man-db:amd64 2.7.5-1
2022-09-21 00:15:32 status half-installed libdpkg-perl:all 1.18.4ubuntu1.7
2022-09-21 00:15:32 status unpacked libdpkg-perl:all 1.18.4ubuntu1.7
2022-09-21 00:15:32 status unpacked libdpkg-perl:all 1.18.4ubuntu1.7
2022-09-21 00:15:32 trigproc man-db:amd64 2.7.5-1 <none>
2022-09-21 00:15:32 status half-configured man-db:amd64 2.7.5-1
2022-09-21 00:15:33 status installed man-db:amd64 2.7.5-1
2022-09-21 00:15:33 startup archives unpack
2022-09-21 00:15:33 upgrade python3-wheel:all 0.29.0-1 0.29.0-1
2022-09-21 00:15:33 status half-configured python3-wheel:all 0.29.0-1
2022-09-21 00:15:34 status unpacked python3-wheel:all 0.29.0-1
2022-09-21 00:15:34 status half-installed python3-wheel:all 0.29.0-1
2022-09-21 00:15:34 status half-installed python3-wheel:all 0.29.0-1
2022-09-21 00:15:34 status unpacked python3-wheel:all 0.29.0-1
2022-09-21 00:15:34 status unpacked python3-wheel:all 0.29.0-1
2022-09-21 00:15:34 startup archives unpack
2022-09-21 00:15:35 upgrade libcilkrts5:amd64 5.4.0-6ubuntu1~16.04.12 5.4.0-6ubuntu1~16.04.12
2022-09-21 00:15:35 status triggers-pending libc-bin:amd64 2.23-0ubuntu11.3
2022-09-21 00:15:35 status half-configured libcilkrts5:amd64 5.4.0-6ubuntu1~16.04.12
2022-09-21 00:15:35 status unpacked libcilkrts5:amd64 5.4.0-6ubuntu1~16.04.12
2022-09-21 00:15:35 status half-installed libcilkrts5:amd64 5.4.0-6ubuntu1~16.04.12
2022-09-21 00:15:35 status half-installed libcilkrts5:amd64 5.4.0-6ubuntu1~16.04.12
2022-09-21 00:15:35 status unpacked libcilkrts5:amd64 5.4.0-6ubuntu1~16.04.12
2022-09-21 00:15:35 status unpacked libcilkrts5:amd64 5.4.0-6ubuntu1~16.04.12
2022-09-21 00:15:35 trigproc libc-bin:amd64 2.23-0ubuntu11.3 <none>
2022-09-21 00:15:35 status half-configured libc-bin:amd64 2.23-0ubuntu11.3
2022-09-21 00:15:35 status installed libc-bin:amd64 2.23-0ubuntu11.3
2022-09-21 00:15:35 startup archives unpack
2022-09-21 00:15:35 upgrade python3-pip:all 8.1.1-2ubuntu0.6 8.1.1-2ubuntu0.6
2022-09-21 00:15:35 status half-configured python3-pip:all 8.1.1-2ubuntu0.6
2022-09-21 00:15:35 status unpacked python3-pip:all 8.1.1-2ubuntu0.6
2022-09-21 00:15:35 status half-installed python3-pip:all 8.1.1-2ubuntu0.6
2022-09-21 00:15:35 status triggers-pending man-db:amd64 2.7.5-1
2022-09-21 00:15:35 status half-installed python3-pip:all 8.1.1-2ubuntu0.6
2022-09-21 00:15:35 status unpacked python3-pip:all 8.1.1-2ubuntu0.6
2022-09-21 00:15:35 status unpacked python3-pip:all 8.1.1-2ubuntu0.6
2022-09-21 00:15:35 trigproc man-db:amd64 2.7.5-1 <none>
2022-09-21 00:15:35 status half-configured man-db:amd64 2.7.5-1
2022-09-21 00:15:36 status installed man-db:amd64 2.7.5-1
2022-09-21 00:15:36 startup archives unpack
2022-09-21 00:15:36 upgrade gcc-5:amd64 5.4.0-6ubuntu1~16.04.12 5.4.0-6ubuntu1~16.04.12
2022-09-21 00:15:36 status half-configured gcc-5:amd64 5.4.0-6ubuntu1~16.04.12
2022-09-21 00:15:36 status unpacked gcc-5:amd64 5.4.0-6ubuntu1~16.04.12
2022-09-21 00:15:36 status half-installed gcc-5:amd64 5.4.0-6ubuntu1~16.04.12
2022-09-21 00:15:36 status triggers-pending man-db:amd64 2.7.5-1
2022-09-21 00:15:40 status half-installed gcc-5:amd64 5.4.0-6ubuntu1~16.04.12
2022-09-21 00:15:40 status unpacked gcc-5:amd64 5.4.0-6ubuntu1~16.04.12
2022-09-21 00:15:40 status unpacked gcc-5:amd64 5.4.0-6ubuntu1~16.04.12
2022-09-21 00:15:40 trigproc man-db:amd64 2.7.5-1 <none>
2022-09-21 00:15:40 status half-configured man-db:amd64 2.7.5-1
2022-09-21 00:15:41 status installed man-db:amd64 2.7.5-1
2022-09-21 00:15:41 startup archives unpack
2022-09-21 00:15:41 upgrade python3.5-dev:amd64 3.5.2-2ubuntu0~16.04.13 3.5.2-2ubuntu0~16.04.13
2022-09-21 00:15:41 status half-configured python3.5-dev:amd64 3.5.2-2ubuntu0~16.04.13
2022-09-21 00:15:41 status unpacked python3.5-dev:amd64 3.5.2-2ubuntu0~16.04.13
2022-09-21 00:15:41 status half-installed python3.5-dev:amd64 3.5.2-2ubuntu0~16.04.13
2022-09-21 00:15:41 status triggers-pending man-db:amd64 2.7.5-1
2022-09-21 00:15:41 status half-installed python3.5-dev:amd64 3.5.2-2ubuntu0~16.04.13
2022-09-21 00:15:41 status unpacked python3.5-dev:amd64 3.5.2-2ubuntu0~16.04.13
2022-09-21 00:15:41 status unpacked python3.5-dev:amd64 3.5.2-2ubuntu0~16.04.13
2022-09-21 00:15:41 trigproc man-db:amd64 2.7.5-1 <none>
2022-09-21 00:15:41 status half-configured man-db:amd64 2.7.5-1
2022-09-21 00:15:42 status installed man-db:amd64 2.7.5-1
2022-09-21 00:15:42 startup archives unpack
2022-09-21 00:15:42 upgrade libquadmath0:amd64 5.4.0-6ubuntu1~16.04.12 5.4.0-6ubuntu1~16.04.12
2022-09-21 00:15:42 status triggers-pending libc-bin:amd64 2.23-0ubuntu11.3
2022-09-21 00:15:42 status half-configured libquadmath0:amd64 5.4.0-6ubuntu1~16.04.12
2022-09-21 00:15:42 status unpacked libquadmath0:amd64 5.4.0-6ubuntu1~16.04.12
2022-09-21 00:15:42 status half-installed libquadmath0:amd64 5.4.0-6ubuntu1~16.04.12
2022-09-21 00:15:42 status half-installed libquadmath0:amd64 5.4.0-6ubuntu1~16.04.12
2022-09-21 00:15:42 status unpacked libquadmath0:amd64 5.4.0-6ubuntu1~16.04.12
2022-09-21 00:15:42 status unpacked libquadmath0:amd64 5.4.0-6ubuntu1~16.04.12
2022-09-21 00:15:42 trigproc libc-bin:amd64 2.23-0ubuntu11.3 <none>
2022-09-21 00:15:42 status half-configured libc-bin:amd64 2.23-0ubuntu11.3
2022-09-21 00:15:42 status installed libc-bin:amd64 2.23-0ubuntu11.3
2022-09-21 00:15:42 startup archives unpack
2022-09-21 00:15:42 upgrade libfakeroot:amd64 1.20.2-1ubuntu1 1.20.2-1ubuntu1
2022-09-21 00:15:42 status half-configured libfakeroot:amd64 1.20.2-1ubuntu1
2022-09-21 00:15:42 status unpacked libfakeroot:amd64 1.20.2-1ubuntu1
2022-09-21 00:15:42 status half-installed libfakeroot:amd64 1.20.2-1ubuntu1
2022-09-21 00:15:42 status half-installed libfakeroot:amd64 1.20.2-1ubuntu1
2022-09-21 00:15:42 status unpacked libfakeroot:amd64 1.20.2-1ubuntu1
2022-09-21 00:15:42 status unpacked libfakeroot:amd64 1.20.2-1ubuntu1
2022-09-21 00:15:42 startup archives unpack
2022-09-21 00:15:42 upgrade g++-5:amd64 5.4.0-6ubuntu1~16.04.12 5.4.0-6ubuntu1~16.04.12
2022-09-21 00:15:42 status half-configured g++-5:amd64 5.4.0-6ubuntu1~16.04.12
2022-09-21 00:15:42 status unpacked g++-5:amd64 5.4.0-6ubuntu1~16.04.12
2022-09-21 00:15:42 status half-installed g++-5:amd64 5.4.0-6ubuntu1~16.04.12
2022-09-21 00:15:42 status triggers-pending man-db:amd64 2.7.5-1
2022-09-21 00:15:46 status half-installed g++-5:amd64 5.4.0-6ubuntu1~16.04.12
2022-09-21 00:15:46 status unpacked g++-5:amd64 5.4.0-6ubuntu1~16.04.12
2022-09-21 00:15:46 status unpacked g++-5:amd64 5.4.0-6ubuntu1~16.04.12
2022-09-21 00:15:46 trigproc man-db:amd64 2.7.5-1 <none>
2022-09-21 00:15:46 status half-configured man-db:amd64 2.7.5-1
2022-09-21 00:15:46 status installed man-db:amd64 2.7.5-1
2022-09-21 00:15:46 startup archives unpack
2022-09-21 00:15:46 upgrade build-essential:amd64 12.1ubuntu2 12.1ubuntu2
2022-09-21 00:15:46 status half-configured build-essential:amd64 12.1ubuntu2
2022-09-21 00:15:46 status unpacked build-essential:amd64 12.1ubuntu2
2022-09-21 00:15:46 status half-installed build-essential:amd64 12.1ubuntu2
2022-09-21 00:15:46 status half-installed build-essential:amd64 12.1ubuntu2
2022-09-21 00:15:46 status unpacked build-essential:amd64 12.1ubuntu2
2022-09-21 00:15:46 status unpacked build-essential:amd64 12.1ubuntu2
2022-09-21 00:15:46 startup archives unpack
2022-09-21 00:15:46 upgrade libatomic1:amd64 5.4.0-6ubuntu1~16.04.12 5.4.0-6ubuntu1~16.04.12
2022-09-21 00:15:46 status triggers-pending libc-bin:amd64 2.23-0ubuntu11.3
2022-09-21 00:15:47 status half-configured libatomic1:amd64 5.4.0-6ubuntu1~16.04.12
2022-09-21 00:15:47 status unpacked libatomic1:amd64 5.4.0-6ubuntu1~16.04.12
2022-09-21 00:15:47 status half-installed libatomic1:amd64 5.4.0-6ubuntu1~16.04.12
2022-09-21 00:15:47 status half-installed libatomic1:amd64 5.4.0-6ubuntu1~16.04.12
2022-09-21 00:15:47 status unpacked libatomic1:amd64 5.4.0-6ubuntu1~16.04.12
2022-09-21 00:15:47 status unpacked libatomic1:amd64 5.4.0-6ubuntu1~16.04.12
2022-09-21 00:15:47 trigproc libc-bin:amd64 2.23-0ubuntu11.3 <none>
2022-09-21 00:15:47 status half-configured libc-bin:amd64 2.23-0ubuntu11.3
2022-09-21 00:15:47 status installed libc-bin:amd64 2.23-0ubuntu11.3
2022-09-21 00:15:47 startup archives unpack
2022-09-21 00:15:47 upgrade libpython3-dev:amd64 3.5.1-3 3.5.1-3
2022-09-21 00:15:47 status half-configured libpython3-dev:amd64 3.5.1-3
2022-09-21 00:15:47 status unpacked libpython3-dev:amd64 3.5.1-3
2022-09-21 00:15:47 status half-installed libpython3-dev:amd64 3.5.1-3
2022-09-21 00:15:47 status triggers-pending man-db:amd64 2.7.5-1
2022-09-21 00:15:47 status half-installed libpython3-dev:amd64 3.5.1-3
2022-09-21 00:15:47 status unpacked libpython3-dev:amd64 3.5.1-3
2022-09-21 00:15:47 status unpacked libpython3-dev:amd64 3.5.1-3
2022-09-21 00:15:47 trigproc man-db:amd64 2.7.5-1 <none>
2022-09-21 00:15:47 status half-configured man-db:amd64 2.7.5-1
2022-09-21 00:15:48 status installed man-db:amd64 2.7.5-1
2022-09-21 00:15:48 startup archives unpack
2022-09-21 00:15:48 upgrade g++:amd64 4:5.3.1-1ubuntu1 4:5.3.1-1ubuntu1
2022-09-21 00:15:48 status half-configured g++:amd64 4:5.3.1-1ubuntu1
2022-09-21 00:15:48 status unpacked g++:amd64 4:5.3.1-1ubuntu1
2022-09-21 00:15:48 status half-installed g++:amd64 4:5.3.1-1ubuntu1
2022-09-21 00:15:48 status triggers-pending man-db:amd64 2.7.5-1
2022-09-21 00:15:48 status half-installed g++:amd64 4:5.3.1-1ubuntu1
2022-09-21 00:15:48 status unpacked g++:amd64 4:5.3.1-1ubuntu1
2022-09-21 00:15:48 status unpacked g++:amd64 4:5.3.1-1ubuntu1
2022-09-21 00:15:48 trigproc man-db:amd64 2.7.5-1 <none>
2022-09-21 00:15:48 status half-configured man-db:amd64 2.7.5-1
2022-09-21 00:15:48 status installed man-db:amd64 2.7.5-1
2022-09-21 00:15:48 startup archives unpack
2022-09-21 00:15:48 upgrade libstdc++-5-dev:amd64 5.4.0-6ubuntu1~16.04.12 5.4.0-6ubuntu1~16.04.12
2022-09-21 00:15:48 status half-configured libstdc++-5-dev:amd64 5.4.0-6ubuntu1~16.04.12
2022-09-21 00:15:48 status unpacked libstdc++-5-dev:amd64 5.4.0-6ubuntu1~16.04.12
2022-09-21 00:15:48 status half-installed libstdc++-5-dev:amd64 5.4.0-6ubuntu1~16.04.12
2022-09-21 00:15:50 status half-installed libstdc++-5-dev:amd64 5.4.0-6ubuntu1~16.04.12
2022-09-21 00:15:50 status unpacked libstdc++-5-dev:amd64 5.4.0-6ubuntu1~16.04.12
2022-09-21 00:15:50 status unpacked libstdc++-5-dev:amd64 5.4.0-6ubuntu1~16.04.12
2022-09-21 00:15:50 startup archives unpack
2022-09-21 00:15:51 upgrade python3-setuptools:all 20.7.0-1 20.7.0-1
2022-09-21 00:15:51 status half-configured python3-setuptools:all 20.7.0-1
2022-09-21 00:15:51 status unpacked python3-setuptools:all 20.7.0-1
2022-09-21 00:15:51 status half-installed python3-setuptools:all 20.7.0-1
2022-09-21 00:15:51 status half-installed python3-setuptools:all 20.7.0-1
2022-09-21 00:15:51 status unpacked python3-setuptools:all 20.7.0-1
2022-09-21 00:15:51 status unpacked python3-setuptools:all 20.7.0-1
2022-09-21 00:15:51 startup archives unpack
2022-09-21 00:15:51 upgrade python3-dev:amd64 3.5.1-3 3.5.1-3
2022-09-21 00:15:51 status half-configured python3-dev:amd64 3.5.1-3
2022-09-21 00:15:51 status unpacked python3-dev:amd64 3.5.1-3
2022-09-21 00:15:51 status half-installed python3-dev:amd64 3.5.1-3
2022-09-21 00:15:51 status triggers-pending man-db:amd64 2.7.5-1
2022-09-21 00:15:51 status half-installed python3-dev:amd64 3.5.1-3
2022-09-21 00:15:51 status unpacked python3-dev:amd64 3.5.1-3
2022-09-21 00:15:51 status unpacked python3-dev:amd64 3.5.1-3
2022-09-21 00:15:51 trigproc man-db:amd64 2.7.5-1 <none>
2022-09-21 00:15:51 status half-configured man-db:amd64 2.7.5-1
2022-09-21 00:15:51 status installed man-db:amd64 2.7.5-1
2022-09-21 00:15:51 startup archives unpack
2022-09-21 00:15:52 upgrade libgcc-5-dev:amd64 5.4.0-6ubuntu1~16.04.12 5.4.0-6ubuntu1~16.04.12
2022-09-21 00:15:52 status half-configured libgcc-5-dev:amd64 5.4.0-6ubuntu1~16.04.12
2022-09-21 00:15:52 status unpacked libgcc-5-dev:amd64 5.4.0-6ubuntu1~16.04.12
2022-09-21 00:15:52 status half-installed libgcc-5-dev:amd64 5.4.0-6ubuntu1~16.04.12
2022-09-21 00:15:52 status half-installed libgcc-5-dev:amd64 5.4.0-6ubuntu1~16.04.12
2022-09-21 00:15:52 status unpacked libgcc-5-dev:amd64 5.4.0-6ubuntu1~16.04.12
2022-09-21 00:15:52 status unpacked libgcc-5-dev:amd64 5.4.0-6ubuntu1~16.04.12
2022-09-21 00:15:52 startup archives unpack
2022-09-21 00:15:52 upgrade manpages-dev:all 4.04-2 4.04-2
2022-09-21 00:15:52 status half-configured manpages-dev:all 4.04-2
2022-09-21 00:15:52 status unpacked manpages-dev:all 4.04-2
2022-09-21 00:15:52 status half-installed manpages-dev:all 4.04-2
2022-09-21 00:15:52 status triggers-pending man-db:amd64 2.7.5-1
2022-09-21 00:15:53 status half-installed manpages-dev:all 4.04-2
2022-09-21 00:15:54 status unpacked manpages-dev:all 4.04-2
2022-09-21 00:15:54 status unpacked manpages-dev:all 4.04-2
2022-09-21 00:15:54 trigproc man-db:amd64 2.7.5-1 <none>
2022-09-21 00:15:54 status half-configured man-db:amd64 2.7.5-1
2022-09-21 00:15:55 status installed man-db:amd64 2.7.5-1
2022-09-21 00:15:55 startup archives unpack
2022-09-21 00:15:55 upgrade python3-pystache:all 0.5.4-5 0.5.4-5
2022-09-21 00:15:55 status half-configured python3-pystache:all 0.5.4-5
2022-09-21 00:15:55 status unpacked python3-pystache:all 0.5.4-5
2022-09-21 00:15:55 status half-installed python3-pystache:all 0.5.4-5
2022-09-21 00:15:55 status triggers-pending man-db:amd64 2.7.5-1
2022-09-21 00:15:55 status half-installed python3-pystache:all 0.5.4-5
2022-09-21 00:15:55 status unpacked python3-pystache:all 0.5.4-5
2022-09-21 00:15:55 status unpacked python3-pystache:all 0.5.4-5
2022-09-21 00:15:55 trigproc man-db:amd64 2.7.5-1 <none>
2022-09-21 00:15:55 status half-configured man-db:amd64 2.7.5-1
2022-09-21 00:15:55 status installed man-db:amd64 2.7.5-1
2022-09-21 00:15:55 startup archives unpack
2022-09-21 00:15:55 upgrade dpkg-dev:all 1.18.4ubuntu1.7 1.18.4ubuntu1.7
2022-09-21 00:15:55 status half-configured dpkg-dev:all 1.18.4ubuntu1.7
2022-09-21 00:15:55 status unpacked dpkg-dev:all 1.18.4ubuntu1.7
2022-09-21 00:15:55 status half-installed dpkg-dev:all 1.18.4ubuntu1.7
2022-09-21 00:15:55 status triggers-pending man-db:amd64 2.7.5-1
2022-09-21 00:15:56 status half-installed dpkg-dev:all 1.18.4ubuntu1.7
2022-09-21 00:15:56 status unpacked dpkg-dev:all 1.18.4ubuntu1.7
2022-09-21 00:15:56 status unpacked dpkg-dev:all 1.18.4ubuntu1.7
2022-09-21 00:15:56 trigproc man-db:amd64 2.7.5-1 <none>
2022-09-21 00:15:56 status half-configured man-db:amd64 2.7.5-1
2022-09-21 00:15:56 status installed man-db:amd64 2.7.5-1
2022-09-21 00:15:56 startup archives unpack
2022-09-21 00:15:56 upgrade libexpat1-dev:amd64 2.1.0-7ubuntu0.16.04.5 2.1.0-7ubuntu0.16.04.5
2022-09-21 00:15:56 status half-configured libexpat1-dev:amd64 2.1.0-7ubuntu0.16.04.5
2022-09-21 00:15:56 status unpacked libexpat1-dev:amd64 2.1.0-7ubuntu0.16.04.5
2022-09-21 00:15:56 status half-installed libexpat1-dev:amd64 2.1.0-7ubuntu0.16.04.5
2022-09-21 00:15:56 status half-installed libexpat1-dev:amd64 2.1.0-7ubuntu0.16.04.5
2022-09-21 00:15:56 status unpacked libexpat1-dev:amd64 2.1.0-7ubuntu0.16.04.5
2022-09-21 00:15:56 status unpacked libexpat1-dev:amd64 2.1.0-7ubuntu0.16.04.5
2022-09-21 00:15:56 startup archives unpack
2022-09-21 00:15:57 upgrade libpython3.5-dev:amd64 3.5.2-2ubuntu0~16.04.13 3.5.2-2ubuntu0~16.04.13
2022-09-21 00:15:57 status half-configured libpython3.5-dev:amd64 3.5.2-2ubuntu0~16.04.13
2022-09-21 00:15:57 status unpacked libpython3.5-dev:amd64 3.5.2-2ubuntu0~16.04.13
2022-09-21 00:15:57 status half-installed libpython3.5-dev:amd64 3.5.2-2ubuntu0~16.04.13
2022-09-21 00:15:57 status triggers-pending man-db:amd64 2.7.5-1
2022-09-21 00:16:11 status half-installed libpython3.5-dev:amd64 3.5.2-2ubuntu0~16.04.13
2022-09-21 00:16:11 status unpacked libpython3.5-dev:amd64 3.5.2-2ubuntu0~16.04.13
2022-09-21 00:16:11 status unpacked libpython3.5-dev:amd64 3.5.2-2ubuntu0~16.04.13
2022-09-21 00:16:11 trigproc man-db:amd64 2.7.5-1 <none>
2022-09-21 00:16:11 status half-configured man-db:amd64 2.7.5-1
2022-09-21 00:16:12 status installed man-db:amd64 2.7.5-1
2022-09-21 00:16:12 startup archives unpack
2022-09-21 00:16:13 upgrade libalgorithm-merge-perl:all 0.08-3 0.08-3
2022-09-21 00:16:13 status half-configured libalgorithm-merge-perl:all 0.08-3
2022-09-21 00:16:13 status unpacked libalgorithm-merge-perl:all 0.08-3
2022-09-21 00:16:13 status half-installed libalgorithm-merge-perl:all 0.08-3
2022-09-21 00:16:13 status triggers-pending man-db:amd64 2.7.5-1
2022-09-21 00:16:13 status half-installed libalgorithm-merge-perl:all 0.08-3
2022-09-21 00:16:13 status unpacked libalgorithm-merge-perl:all 0.08-3
2022-09-21 00:16:13 status unpacked libalgorithm-merge-perl:all 0.08-3
2022-09-21 00:16:13 trigproc man-db:amd64 2.7.5-1 <none>
2022-09-21 00:16:13 status half-configured man-db:amd64 2.7.5-1
2022-09-21 00:16:13 status installed man-db:amd64 2.7.5-1
2022-09-21 00:16:13 startup archives unpack
2022-09-21 00:16:14 upgrade liblsan0:amd64 5.4.0-6ubuntu1~16.04.12 5.4.0-6ubuntu1~16.04.12
2022-09-21 00:16:14 status triggers-pending libc-bin:amd64 2.23-0ubuntu11.3
2022-09-21 00:16:14 status half-configured liblsan0:amd64 5.4.0-6ubuntu1~16.04.12
2022-09-21 00:16:14 status unpacked liblsan0:amd64 5.4.0-6ubuntu1~16.04.12
2022-09-21 00:16:14 status half-installed liblsan0:amd64 5.4.0-6ubuntu1~16.04.12
2022-09-21 00:16:14 status half-installed liblsan0:amd64 5.4.0-6ubuntu1~16.04.12
2022-09-21 00:16:14 status unpacked liblsan0:amd64 5.4.0-6ubuntu1~16.04.12
2022-09-21 00:16:14 status unpacked liblsan0:amd64 5.4.0-6ubuntu1~16.04.12
2022-09-21 00:16:14 trigproc libc-bin:amd64 2.23-0ubuntu11.3 <none>
2022-09-21 00:16:14 status half-configured libc-bin:amd64 2.23-0ubuntu11.3
2022-09-21 00:16:14 status installed libc-bin:amd64 2.23-0ubuntu11.3
2022-09-21 00:16:14 startup archives unpack
2022-09-21 00:16:14 upgrade binutils:amd64 2.26.1-1ubuntu1~16.04.8 2.26.1-1ubuntu1~16.04.8
2022-09-21 00:16:14 status triggers-pending libc-bin:amd64 2.23-0ubuntu11.3
2022-09-21 00:16:14 status half-configured binutils:amd64 2.26.1-1ubuntu1~16.04.8
2022-09-21 00:16:14 status unpacked binutils:amd64 2.26.1-1ubuntu1~16.04.8
2022-09-21 00:16:14 status half-installed binutils:amd64 2.26.1-1ubuntu1~16.04.8
2022-09-21 00:16:15 status triggers-pending man-db:amd64 2.7.5-1
2022-09-21 00:16:16 status half-installed binutils:amd64 2.26.1-1ubuntu1~16.04.8
2022-09-21 00:16:16 status unpacked binutils:amd64 2.26.1-1ubuntu1~16.04.8
2022-09-21 00:16:16 status unpacked binutils:amd64 2.26.1-1ubuntu1~16.04.8
2022-09-21 00:16:16 trigproc libc-bin:amd64 2.23-0ubuntu11.3 <none>
2022-09-21 00:16:16 status half-configured libc-bin:amd64 2.23-0ubuntu11.3
2022-09-21 00:16:16 status installed libc-bin:amd64 2.23-0ubuntu11.3
2022-09-21 00:16:16 trigproc man-db:amd64 2.7.5-1 <none>
2022-09-21 00:16:16 status half-configured man-db:amd64 2.7.5-1
2022-09-21 00:16:17 status installed man-db:amd64 2.7.5-1
2022-09-21 00:16:17 startup archives unpack
2022-09-21 00:16:17 upgrade gcc:amd64 4:5.3.1-1ubuntu1 4:5.3.1-1ubuntu1
2022-09-21 00:16:17 status half-configured gcc:amd64 4:5.3.1-1ubuntu1
2022-09-21 00:16:17 status unpacked gcc:amd64 4:5.3.1-1ubuntu1
2022-09-21 00:16:17 status half-installed gcc:amd64 4:5.3.1-1ubuntu1
2022-09-21 00:16:17 status triggers-pending man-db:amd64 2.7.5-1
2022-09-21 00:16:17 status half-installed gcc:amd64 4:5.3.1-1ubuntu1
2022-09-21 00:16:17 status unpacked gcc:amd64 4:5.3.1-1ubuntu1
2022-09-21 00:16:17 status unpacked gcc:amd64 4:5.3.1-1ubuntu1
2022-09-21 00:16:17 trigproc man-db:amd64 2.7.5-1 <none>
2022-09-21 00:16:17 status half-configured man-db:amd64 2.7.5-1
2022-09-21 00:16:17 status installed man-db:amd64 2.7.5-1
2022-09-21 00:16:18 startup archives unpack
2022-09-21 00:16:19 upgrade libc-dev-bin:amd64 2.23-0ubuntu11.3 2.23-0ubuntu11.3
2022-09-21 00:16:19 status half-configured libc-dev-bin:amd64 2.23-0ubuntu11.3
2022-09-21 00:16:19 status unpacked libc-dev-bin:amd64 2.23-0ubuntu11.3
2022-09-21 00:16:19 status half-installed libc-dev-bin:amd64 2.23-0ubuntu11.3
2022-09-21 00:16:19 status triggers-pending man-db:amd64 2.7.5-1
2022-09-21 00:16:19 status half-installed libc-dev-bin:amd64 2.23-0ubuntu11.3
2022-09-21 00:16:19 status unpacked libc-dev-bin:amd64 2.23-0ubuntu11.3
2022-09-21 00:16:19 status unpacked libc-dev-bin:amd64 2.23-0ubuntu11.3
2022-09-21 00:16:19 trigproc man-db:amd64 2.7.5-1 <none>
2022-09-21 00:16:19 status half-configured man-db:amd64 2.7.5-1
2022-09-21 00:16:19 status installed man-db:amd64 2.7.5-1
2022-09-21 00:16:19 startup archives unpack
2022-09-21 00:16:19 upgrade make:amd64 4.1-6 4.1-6
2022-09-21 00:16:19 status half-configured make:amd64 4.1-6
2022-09-21 00:16:19 status unpacked make:amd64 4.1-6
2022-09-21 00:16:19 status half-installed make:amd64 4.1-6
2022-09-21 00:16:19 status triggers-pending man-db:amd64 2.7.5-1
2022-09-21 00:16:19 status half-installed make:amd64 4.1-6
2022-09-21 00:16:19 status unpacked make:amd64 4.1-6
2022-09-21 00:16:19 status unpacked make:amd64 4.1-6
2022-09-21 00:16:19 trigproc man-db:amd64 2.7.5-1 <none>
2022-09-21 00:16:19 status half-configured man-db:amd64 2.7.5-1
2022-09-21 00:16:20 status installed man-db:amd64 2.7.5-1
2022-09-21 00:16:20 startup archives unpack
2022-09-21 00:16:20 upgrade libitm1:amd64 5.4.0-6ubuntu1~16.04.12 5.4.0-6ubuntu1~16.04.12
2022-09-21 00:16:20 status triggers-pending libc-bin:amd64 2.23-0ubuntu11.3
2022-09-21 00:16:20 status half-configured libitm1:amd64 5.4.0-6ubuntu1~16.04.12
2022-09-21 00:16:20 status unpacked libitm1:amd64 5.4.0-6ubuntu1~16.04.12
2022-09-21 00:16:20 status half-installed libitm1:amd64 5.4.0-6ubuntu1~16.04.12
2022-09-21 00:16:20 status half-installed libitm1:amd64 5.4.0-6ubuntu1~16.04.12
2022-09-21 00:16:20 status unpacked libitm1:amd64 5.4.0-6ubuntu1~16.04.12
2022-09-21 00:16:20 status unpacked libitm1:amd64 5.4.0-6ubuntu1~16.04.12
2022-09-21 00:16:20 trigproc libc-bin:amd64 2.23-0ubuntu11.3 <none>
2022-09-21 00:16:20 status half-configured libc-bin:amd64 2.23-0ubuntu11.3
2022-09-21 00:16:20 status installed libc-bin:amd64 2.23-0ubuntu11.3
2022-09-21 00:16:20 startup archives unpack
2022-09-21 00:16:21 upgrade python-pip-whl:all 8.1.1-2ubuntu0.6 8.1.1-2ubuntu0.6
2022-09-21 00:16:21 status half-configured python-pip-whl:all 8.1.1-2ubuntu0.6
2022-09-21 00:16:21 status unpacked python-pip-whl:all 8.1.1-2ubuntu0.6
2022-09-21 00:16:21 status half-installed python-pip-whl:all 8.1.1-2ubuntu0.6
2022-09-21 00:16:22 status half-installed python-pip-whl:all 8.1.1-2ubuntu0.6
2022-09-21 00:16:22 status unpacked python-pip-whl:all 8.1.1-2ubuntu0.6
2022-09-21 00:16:22 status unpacked python-pip-whl:all 8.1.1-2ubuntu0.6
2022-09-21 00:16:22 startup archives unpack
2022-09-21 00:16:22 upgrade libalgorithm-diff-perl:all 1.19.03-1 1.19.03-1
2022-09-21 00:16:22 status half-configured libalgorithm-diff-perl:all 1.19.03-1
2022-09-21 00:16:22 status unpacked libalgorithm-diff-perl:all 1.19.03-1
2022-09-21 00:16:22 status half-installed libalgorithm-diff-perl:all 1.19.03-1
2022-09-21 00:16:22 status triggers-pending man-db:amd64 2.7.5-1
2022-09-21 00:16:22 status half-installed libalgorithm-diff-perl:all 1.19.03-1
2022-09-21 00:16:22 status unpacked libalgorithm-diff-perl:all 1.19.03-1
2022-09-21 00:16:22 status unpacked libalgorithm-diff-perl:all 1.19.03-1
2022-09-21 00:16:22 trigproc man-db:amd64 2.7.5-1 <none>
2022-09-21 00:16:22 status half-configured man-db:amd64 2.7.5-1
2022-09-21 00:16:23 status installed man-db:amd64 2.7.5-1
